0 info it worked if it ends with ok
1 verbose cli [ '/home/ubuntu/.nvm/versions/node/v8.4.0/bin/node',
1 verbose cli   '/home/ubuntu/.nvm/versions/node/v8.4.0/bin/npm',
1 verbose cli   'run',
1 verbose cli   'test' ]
2 info using npm@5.3.0
3 info using node@v8.4.0
4 verbose run-script [ 'pretest', 'test', 'posttest' ]
5 info lifecycle login-application@1.0.0~pretest: login-application@1.0.0
6 info lifecycle login-application@1.0.0~test: login-application@1.0.0
7 verbose lifecycle login-application@1.0.0~test: unsafe-perm in lifecycle true
8 verbose lifecycle login-application@1.0.0~test: PATH: /home/ubuntu/.nvm/versions/node/v8.4.0/lib/node_modules/npm/bin/node-gyp-bin:/home/ubuntu/workspace/node_modules/.bin:/home/ubuntu/.nvm/versions/node/v8.4.0/bin:/usr/local/rvm/gems/ruby-2.4.0/bin:/usr/local/rvm/gems/ruby-2.4.0@global/bin:/usr/local/rvm/rubies/ruby-2.4.0/bin:/mnt/shared/bin:/home/ubuntu/workspace/node_modules/.bin:/home/ubuntu/bin:/usr/local/sbin:/usr/local/bin:/usr/sbin:/usr/bin:/sbin:/bin:/mnt/shared/sbin:/opt/gitl:/opt/go/bin:/mnt/shared/c9/app.nw/bin:/usr/local/rvm/bin
9 verbose lifecycle login-application@1.0.0~test: CWD: /home/ubuntu/workspace
10 silly lifecycle login-application@1.0.0~test: Args: [ '-c', 'echo "Error: no test specified" && exit 1' ]
11 silly lifecycle login-application@1.0.0~test: Returned: code: 1  signal: null
12 info lifecycle login-application@1.0.0~test: Failed to exec test script
13 verbose stack Error: login-application@1.0.0 test: `echo "Error: no test specified" && exit 1`
13 verbose stack Exit status 1
13 verbose stack     at EventEmitter.<anonymous> (/home/ubuntu/.nvm/versions/node/v8.4.0/lib/node_modules/npm/lib/utils/lifecycle.js:289:16)
13 verbose stack     at emitTwo (events.js:125:13)
13 verbose stack     at EventEmitter.emit (events.js:213:7)
13 verbose stack     at ChildProcess.<anonymous> (/home/ubuntu/.nvm/versions/node/v8.4.0/lib/node_modules/npm/lib/utils/spawn.js:40:14)
13 verbose stack     at emitTwo (events.js:125:13)
13 verbose stack     at ChildProcess.emit (events.js:213:7)
13 verbose stack     at maybeClose (internal/child_process.js:927:16)
13 verbose stack     at Process.ChildProcess._handle.onexit (internal/child_process.js:211:5)
14 verbose pkgid login-application@1.0.0
15 verbose cwd /home/ubuntu/workspace
16 verbose Linux 4.9.17-c9
17 verbose argv "/home/ubuntu/.nvm/versions/node/v8.4.0/bin/node" "/home/ubuntu/.nvm/versions/node/v8.4.0/bin/npm" "run" "test"
18 verbose node v8.4.0
19 verbose npm  v5.3.0
20 error code ELIFECYCLE
21 error errno 1
22 error login-application@1.0.0 test: `echo "Error: no test specified" && exit 1`
22 error Exit status 1
23 error Failed at the login-application@1.0.0 test script.
23 error This is probably not a problem with npm. There is likely additional logging output above.
24 verbose exit [ 1, true ]
